dic 05, 2025 5:29:21 P. M. ies.sequeros.com.dam.pmdm.administrador.infraestructura.dependientes.DependienteDao getAll
INFO: Ejecutando SQL: select * from dependiente | Parametros: 
dic 05, 2025 5:29:21 P. M. ies.sequeros.com.dam.pmdm.administrador.infraestructura.categorias.CategoriasDao getAll
INFO: Ejecutando SQL: select * from categoria | Parametros: 
dic 05, 2025 5:29:21 P. M. ies.sequeros.com.dam.pmdm.administrador.infraestructura.pedidos.PedidoDao getAll
INFO: Ejecutando SQL: select * from pedido | Parametros: 
dic 05, 2025 5:29:21 P. M. ies.sequeros.com.dam.pmdm.administrador.infraestructura.categorias.CategoriasDao getAll
INFO: Ejecutando SQL: select * from categoria | Parametros: 
dic 05, 2025 5:29:21 P. M. ies.sequeros.com.dam.pmdm.administrador.infraestructura.productos.ProductoDao getAll
INFO: Ejecutando SQL: select * from producto | Parametros: 
dic 05, 2025 5:29:26 P. M. ies.sequeros.com.dam.pmdm.administrador.infraestructura.dependientes.DependienteDao getAll
INFO: Ejecutando SQL: select * from dependiente | Parametros: 
dic 05, 2025 5:30:00 P. M. ies.sequeros.com.dam.pmdm.administrador.infraestructura.dependientes.DependienteDao getAll
INFO: Ejecutando SQL: select * from dependiente | Parametros: 
dic 05, 2025 5:30:41 P. M. ies.sequeros.com.dam.pmdm.administrador.infraestructura.pedidos.PedidoDao getById
INFO: Ejecutando SQL: select * from pedido where id=? | Parametros: [id=pedido1]
dic 05, 2025 5:30:41 P. M. ies.sequeros.com.dam.pmdm.administrador.infraestructura.pedidos.PedidoDao getAll
INFO: Ejecutando SQL: select * from pedido | Parametros: 
dic 05, 2025 5:30:41 P. M. ies.sequeros.com.dam.pmdm.administrador.infraestructura.pedidos.PedidoDao getById
INFO: Ejecutando SQL: select * from pedido where id=? | Parametros: [id=pedido1]
dic 05, 2025 5:30:41 P. M. ies.sequeros.com.dam.pmdm.administrador.infraestructura.pedidos.PedidoDao delete
INFO: Ejecutando SQL: delete from pedido where id= ? | Parametros: [id=pedido1]
dic 05, 2025 5:31:09 P. M. ies.sequeros.com.dam.pmdm.administrador.infraestructura.dependientes.DependienteDao getAll
INFO: Ejecutando SQL: select * from dependiente | Parametros: 
dic 05, 2025 5:31:20 P. M. ies.sequeros.com.dam.pmdm.administrador.infraestructura.dependientes.DependienteDao getAll
INFO: Ejecutando SQL: select * from dependiente | Parametros: 
dic 05, 2025 5:31:57 P. M. ies.sequeros.com.dam.pmdm.administrador.infraestructura.dependientes.DependienteDao getAll
INFO: Ejecutando SQL: select * from dependiente | Parametros: 
dic 05, 2025 5:32:27 P. M. ies.sequeros.com.dam.pmdm.administrador.infraestructura.dependientes.DependienteDao getAll
INFO: Ejecutando SQL: select * from dependiente | Parametros: 
dic 05, 2025 5:39:41 P. M. ies.sequeros.com.dam.pmdm.administrador.infraestructura.dependientes.DependienteDao getAll
INFO: Ejecutando SQL: select * from dependiente | Parametros: 
dic 05, 2025 5:39:41 P. M. ies.sequeros.com.dam.pmdm.administrador.infraestructura.categorias.CategoriasDao getAll
INFO: Ejecutando SQL: select * from categoria | Parametros: 
dic 05, 2025 5:39:41 P. M. ies.sequeros.com.dam.pmdm.administrador.infraestructura.pedidos.PedidoDao getAll
INFO: Ejecutando SQL: select * from pedido | Parametros: 
dic 05, 2025 5:39:41 P. M. ies.sequeros.com.dam.pmdm.administrador.infraestructura.categorias.CategoriasDao getAll
INFO: Ejecutando SQL: select * from categoria | Parametros: 
dic 05, 2025 5:39:41 P. M. ies.sequeros.com.dam.pmdm.administrador.infraestructura.productos.ProductoDao getAll
INFO: Ejecutando SQL: select * from producto | Parametros: 
dic 05, 2025 5:39:48 P. M. ies.sequeros.com.dam.pmdm.administrador.infraestructura.dependientes.DependienteDao getAll
INFO: Ejecutando SQL: select * from dependiente | Parametros: 
dic 05, 2025 5:40:49 P. M. ies.sequeros.com.dam.pmdm.administrador.infraestructura.pedidos.PedidoDao getById
INFO: Ejecutando SQL: select * from pedido where id=? | Parametros: [id=pedido1]
dic 05, 2025 5:40:49 P. M. ies.sequeros.com.dam.pmdm.administrador.infraestructura.pedidos.PedidoDao getAll
INFO: Ejecutando SQL: select * from pedido | Parametros: 
dic 05, 2025 5:40:49 P. M. ies.sequeros.com.dam.pmdm.administrador.infraestructura.pedidos.PedidoDao getById
INFO: Ejecutando SQL: select * from pedido where id=? | Parametros: [id=pedido1]
dic 05, 2025 5:40:49 P. M. ies.sequeros.com.dam.pmdm.administrador.infraestructura.pedidos.PedidoDao delete
INFO: Ejecutando SQL: delete from pedido where id= ? | Parametros: [id=pedido1]
dic 05, 2025 5:41:26 P. M. ies.sequeros.com.dam.pmdm.administrador.infraestructura.dependientes.DependienteDao getAll
INFO: Ejecutando SQL: select * from dependiente | Parametros: 
dic 05, 2025 5:41:26 P. M. ies.sequeros.com.dam.pmdm.administrador.infraestructura.categorias.CategoriasDao getAll
INFO: Ejecutando SQL: select * from categoria | Parametros: 
dic 05, 2025 5:41:26 P. M. ies.sequeros.com.dam.pmdm.administrador.infraestructura.pedidos.PedidoDao getAll
INFO: Ejecutando SQL: select * from pedido | Parametros: 
dic 05, 2025 5:41:26 P. M. ies.sequeros.com.dam.pmdm.administrador.infraestructura.categorias.CategoriasDao getAll
INFO: Ejecutando SQL: select * from categoria | Parametros: 
dic 05, 2025 5:41:26 P. M. ies.sequeros.com.dam.pmdm.administrador.infraestructura.productos.ProductoDao getAll
INFO: Ejecutando SQL: select * from producto | Parametros: 
dic 05, 2025 5:41:32 P. M. ies.sequeros.com.dam.pmdm.administrador.infraestructura.dependientes.DependienteDao getAll
INFO: Ejecutando SQL: select * from dependiente | Parametros: 
dic 05, 2025 5:47:22 P. M. ies.sequeros.com.dam.pmdm.administrador.infraestructura.dependientes.DependienteDao getAll
INFO: Ejecutando SQL: select * from dependiente | Parametros: 
dic 05, 2025 5:48:33 P. M. ies.sequeros.com.dam.pmdm.administrador.infraestructura.dependientes.DependienteDao getAll
INFO: Ejecutando SQL: select * from dependiente | Parametros: 
dic 05, 2025 6:05:34 P. M. ies.sequeros.com.dam.pmdm.administrador.infraestructura.dependientes.DependienteDao getAll
INFORMACIÓN: Ejecutando SQL: select * from dependiente | Parametros: 
dic 05, 2025 6:05:34 P. M. ies.sequeros.com.dam.pmdm.administrador.infraestructura.categorias.CategoriasDao getAll
INFORMACIÓN: Ejecutando SQL: select * from categoria | Parametros: 
dic 05, 2025 6:05:34 P. M. ies.sequeros.com.dam.pmdm.administrador.infraestructura.pedidos.PedidoDao getAll
INFORMACIÓN: Ejecutando SQL: select * from pedido | Parametros: 
dic 05, 2025 6:05:34 P. M. ies.sequeros.com.dam.pmdm.administrador.infraestructura.categorias.CategoriasDao getAll
INFORMACIÓN: Ejecutando SQL: select * from categoria | Parametros: 
dic 05, 2025 6:05:34 P. M. ies.sequeros.com.dam.pmdm.administrador.infraestructura.productos.ProductoDao getAll
INFORMACIÓN: Ejecutando SQL: select * from producto | Parametros: 
dic 05, 2025 6:05:40 P. M. ies.sequeros.com.dam.pmdm.administrador.infraestructura.dependientes.DependienteDao getAll
INFORMACIÓN: Ejecutando SQL: select * from dependiente | Parametros: 
dic 05, 2025 6:05:41 P. M. ies.sequeros.com.dam.pmdm.administrador.infraestructura.pedidos.PedidoDao getById
INFORMACIÓN: Ejecutando SQL: select * from pedido where id=? | Parametros: [id=pedido1]
dic 05, 2025 6:05:41 P. M. ies.sequeros.com.dam.pmdm.administrador.infraestructura.pedidos.PedidoDao getAll
INFORMACIÓN: Ejecutando SQL: select * from pedido | Parametros: 
dic 05, 2025 6:05:41 P. M. ies.sequeros.com.dam.pmdm.administrador.infraestructura.pedidos.PedidoDao getById
INFORMACIÓN: Ejecutando SQL: select * from pedido where id=? | Parametros: [id=pedido1]
dic 05, 2025 6:05:41 P. M. ies.sequeros.com.dam.pmdm.administrador.infraestructura.pedidos.PedidoDao delete
INFORMACIÓN: Ejecutando SQL: delete from pedido where id= ? | Parametros: [id=pedido1]
dic 05, 2025 6:06:33 P. M. ies.sequeros.com.dam.pmdm.administrador.infraestructura.dependientes.DependienteDao getAll
INFO: Ejecutando SQL: select * from dependiente | Parametros: 
dic 05, 2025 6:06:33 P. M. ies.sequeros.com.dam.pmdm.administrador.infraestructura.categorias.CategoriasDao getAll
INFO: Ejecutando SQL: select * from categoria | Parametros: 
dic 05, 2025 6:06:33 P. M. ies.sequeros.com.dam.pmdm.administrador.infraestructura.pedidos.PedidoDao getAll
INFO: Ejecutando SQL: select * from pedido | Parametros: 
dic 05, 2025 6:06:33 P. M. ies.sequeros.com.dam.pmdm.administrador.infraestructura.categorias.CategoriasDao getAll
INFO: Ejecutando SQL: select * from categoria | Parametros: 
dic 05, 2025 6:06:33 P. M. ies.sequeros.com.dam.pmdm.administrador.infraestructura.productos.ProductoDao getAll
INFO: Ejecutando SQL: select * from producto | Parametros: 
dic 05, 2025 6:06:46 P. M. ies.sequeros.com.dam.pmdm.administrador.infraestructura.dependientes.DependienteDao getAll
INFO: Ejecutando SQL: select * from dependiente | Parametros: 
dic 05, 2025 7:16:01 P. M. ies.sequeros.com.dam.pmdm.administrador.infraestructura.dependientes.DependienteDao getAll
INFO: Ejecutando SQL: select * from dependiente | Parametros: 
dic 05, 2025 7:16:01 P. M. ies.sequeros.com.dam.pmdm.administrador.infraestructura.categorias.CategoriasDao getAll
INFO: Ejecutando SQL: select * from categoria | Parametros: 
dic 05, 2025 7:16:01 P. M. ies.sequeros.com.dam.pmdm.administrador.infraestructura.pedidos.PedidoDao getAll
INFO: Ejecutando SQL: select * from pedido | Parametros: 
dic 05, 2025 7:16:01 P. M. ies.sequeros.com.dam.pmdm.administrador.infraestructura.categorias.CategoriasDao getAll
INFO: Ejecutando SQL: select * from categoria | Parametros: 
dic 05, 2025 7:16:01 P. M. ies.sequeros.com.dam.pmdm.administrador.infraestructura.productos.ProductoDao getAll
INFO: Ejecutando SQL: select * from producto | Parametros: 
dic 05, 2025 7:16:10 P. M. ies.sequeros.com.dam.pmdm.administrador.infraestructura.dependientes.DependienteDao getAll
INFO: Ejecutando SQL: select * from dependiente | Parametros: 
dic 05, 2025 7:18:00 P. M. ies.sequeros.com.dam.pmdm.administrador.infraestructura.dependientes.DependienteDao getAll
INFO: Ejecutando SQL: select * from dependiente | Parametros: 
dic 05, 2025 7:18:00 P. M. ies.sequeros.com.dam.pmdm.administrador.infraestructura.categorias.CategoriasDao getAll
INFO: Ejecutando SQL: select * from categoria | Parametros: 
dic 05, 2025 7:18:00 P. M. ies.sequeros.com.dam.pmdm.administrador.infraestructura.pedidos.PedidoDao getAll
INFO: Ejecutando SQL: select * from pedido | Parametros: 
dic 05, 2025 7:18:00 P. M. ies.sequeros.com.dam.pmdm.administrador.infraestructura.categorias.CategoriasDao getAll
INFO: Ejecutando SQL: select * from categoria | Parametros: 
dic 05, 2025 7:18:00 P. M. ies.sequeros.com.dam.pmdm.administrador.infraestructura.productos.ProductoDao getAll
INFO: Ejecutando SQL: select * from producto | Parametros: 
dic 05, 2025 7:18:07 P. M. ies.sequeros.com.dam.pmdm.administrador.infraestructura.dependientes.DependienteDao getAll
INFO: Ejecutando SQL: select * from dependiente | Parametros: 
